<?xml version="1.0" encoding="UTF-8"?>
<!-- Generated by org.testng.reporters.JUnitReportReporter -->
<testsuite name="com.sonar.cubes.test.regression.TestLoginUS001" tests="1" time="10.484" ignored="0" failures="0" timestamp="02 Apr 2017 03:56:58 GMT" skipped="0" hostname="MYDear-PC" errors="0">
  <testcase name="testValidLoginTC001" time="10.484" classname="com.sonar.cubes.test.regression.TestLoginUS001"/>
</testsuite> <!-- com.sonar.cubes.test.regression.TestLoginUS001 -->
